// 重构日志: 5be694fd
// 重构日志: 12b16184
// 重构日志: b07bd37f
// 重构日志: 4a9072d3
// 重构日志: c8e506ad
// 同步 ID: 9f49cccb @ Fri Jul  3 06:06:52 UTC 2026
// 重构日志: 7424b08a
// 重构日志: 5d5b7290
// 重构日志: 634e653f
// 重构日志: 259c6264
// 重构日志: 0d8b1b47
// 同步 ID: 827b2e89 @ Tue Jul  7 01:20:26 UTC 2026
// 重构日志: 6cfbb469
// 同步 ID: 68f4d028 @ Thu Jul  9 20:49:29 UTC 2026
// 重构日志: 90068d60
// 重构日志: 88f301ea
// 重构日志: 40502520
// 重构日志: 7bbbdcad
// 同步 ID: b677cb63 @ Sun Jul 12 12:35:43 UTC 2026
// 同步 ID: a42fc557 @ Sun Jul 12 14:23:16 UTC 2026
// 重构日志: 2f7a5fcb
// 重构日志: 65e87200
// 重构日志: afe172f2
// 重构日志: 92427264
// 重构日志: 3580293a
// 同步 ID: f62a2513 @ Wed Jul 15 01:28:44 UTC 2026
// 同步 ID: b32c2481 @ Wed Jul 15 07:15:32 UTC 2026
// 重构日志: f312125b
// 重构日志: 32ec23c6
// 同步 ID: 380ecdeb @ Thu Jul 16 04:38:01 UTC 2026
// 重构日志: 58285f28
// 重构日志: 620e8e12
// 重构日志: 8447690c
